{
  "RSpec": {
    "coverage": {
      "/Users/carrot-2/Library/Mobile Documents/com~apple~CloudDocs/Makers/week-8/acebook-hemoglobin-trotters/spec/controllers/posts_controller_spec.rb": {
        "lines": [
          null,
          null,
          null,
          null,
          null,
          null,
          null,
          null,
          null,
          null,
          null,
          null,
          null,
          null,
          null,
          null,
          null,
          null,
          null,
          null,
          null,
          null,
          null,
          null,
          null,
          null,
          null,
          null,
          null,
          null,
          null,
          null,
          null,
          null,
          null,
          null,
          null,
          null,
          null,
          null
        ]
      },
      "/Users/carrot-2/Library/Mobile Documents/com~apple~CloudDocs/Makers/week-8/acebook-hemoglobin-trotters/spec/controllers/users_controller_spec.rb": {
        "lines": [
          1,
          1,
          1,
          1,
          0,
          null,
          null,
          null,
          1,
          null,
          null,
          null,
          null,
          null,
          1,
          1,
          0,
          null,
          null,
          null,
          1,
          1,
          1,
          0,
          null,
          null,
          null,
          null
        ]
      },
      "/Users/carrot-2/Library/Mobile Documents/com~apple~CloudDocs/Makers/week-8/acebook-hemoglobin-trotters/app/controllers/users_controller.rb": {
        "lines": [
          null,
          null,
          1,
          1,
          null
        ]
      },
      "/Users/carrot-2/Library/Mobile Documents/com~apple~CloudDocs/Makers/week-8/acebook-hemoglobin-trotters/app/controllers/application_controller.rb": {
        "lines": [
          null,
          null,
          1,
          1,
          1,
          null,
          null,
          1,
          0,
          null,
          null,
          1,
          10,
          null,
          null
        ]
      },
      "/Users/carrot-2/Library/Mobile Documents/com~apple~CloudDocs/Makers/week-8/acebook-hemoglobin-trotters/spec/features/home_page_login_spec.rb": {
        "lines": [
          null,
          null,
          1,
          null,
          1,
          1,
          1,
          1,
          null,
          null
        ]
      },
      "/Users/carrot-2/Library/Mobile Documents/com~apple~CloudDocs/Makers/week-8/acebook-hemoglobin-trotters/spec/features/user_can_sign_up_spec.rb": {
        "lines": [
          null,
          null,
          1,
          1,
          1,
          0,
          null,
          null,
          1,
          1,
          0,
          0,
          0,
          null,
          null,
          1,
          1,
          0,
          0,
          0,
          null,
          null,
          1,
          1,
          0,
          0,
          null,
          null,
          1,
          1,
          0,
          0,
          0,
          0,
          0,
          0,
          null,
          null
        ]
      },
      "/Users/carrot-2/Library/Mobile Documents/com~apple~CloudDocs/Makers/week-8/acebook-hemoglobin-trotters/spec/features/user_can_submit_posts_spec.rb": {
        "lines": [
          null,
          null,
          1,
          null,
          1,
          1,
          1,
          0,
          0,
          0,
          0,
          0,
          null,
          null,
          1,
          1,
          0,
          0,
          0,
          0,
          null,
          null,
          null,
          null
        ]
      },
      "/Users/carrot-2/Library/Mobile Documents/com~apple~CloudDocs/Makers/week-8/acebook-hemoglobin-trotters/spec/helpers/feature_helper_spec.rb": {
        "lines": [
          null,
          null,
          1,
          7,
          7,
          7,
          7,
          7,
          7,
          7,
          null,
          null,
          1,
          0,
          null,
          null,
          1,
          0,
          0,
          0,
          0,
          null
        ]
      },
      "/Users/carrot-2/Library/Mobile Documents/com~apple~CloudDocs/Makers/week-8/acebook-hemoglobin-trotters/spec/helpers/users_helper_spec.rb": {
        "lines": [
          null,
          null,
          1,
          null,
          null,
          null,
          null,
          null,
          null,
          null,
          null,
          null,
          null,
          null,
          1,
          1,
          null
        ]
      },
      "/Users/carrot-2/Library/Mobile Documents/com~apple~CloudDocs/Makers/week-8/acebook-hemoglobin-trotters/spec/models/post_spec.rb": {
        "lines": [
          null,
          null,
          null,
          null,
          1,
          2,
          null
        ]
      },
      "/Users/carrot-2/Library/Mobile Documents/com~apple~CloudDocs/Makers/week-8/acebook-hemoglobin-trotters/app/models/post.rb": {
        "lines": [
          null,
          null,
          1,
          1,
          1,
          null
        ]
      },
      "/Users/carrot-2/Library/Mobile Documents/com~apple~CloudDocs/Makers/week-8/acebook-hemoglobin-trotters/app/models/application_record.rb": {
        "lines": [
          null,
          null,
          1,
          1,
          null
        ]
      },
      "/Users/carrot-2/Library/Mobile Documents/com~apple~CloudDocs/Makers/week-8/acebook-hemoglobin-trotters/spec/models/user_spec.rb": {
        "lines": [
          null,
          null,
          1,
          null,
          1,
          null,
          1,
          1,
          1,
          null,
          1,
          null,
          null,
          null
        ]
      },
      "/Users/carrot-2/Library/Mobile Documents/com~apple~CloudDocs/Makers/week-8/acebook-hemoglobin-trotters/app/models/user.rb": {
        "lines": [
          null,
          null,
          1,
          1,
          1,
          null,
          1,
          null,
          0,
          null,
          null,
          null,
          1,
          null
        ]
      },
      "/Users/carrot-2/Library/Mobile Documents/com~apple~CloudDocs/Makers/week-8/acebook-hemoglobin-trotters/spec/requests/posts_spec.rb": {
        "lines": [
          1,
          null,
          1,
          1,
          1,
          1,
          1,
          null,
          null,
          null,
          null,
          null,
          null,
          null,
          null,
          null,
          null,
          null,
          null,
          null,
          null,
          null,
          null,
          null,
          null,
          null
        ]
      },
      "/Users/carrot-2/Library/Mobile Documents/com~apple~CloudDocs/Makers/week-8/acebook-hemoglobin-trotters/spec/requests/users_request_spec.rb": {
        "lines": [
          null,
          null,
          1,
          null,
          1,
          null
        ]
      },
      "/Users/carrot-2/Library/Mobile Documents/com~apple~CloudDocs/Makers/week-8/acebook-hemoglobin-trotters/spec/requests/users_spec.rb": {
        "lines": [
          1,
          null,
          1,
          1,
          1,
          1,
          1,
          null,
          null,
          null
        ]
      },
      "/Users/carrot-2/Library/Mobile Documents/com~apple~CloudDocs/Makers/week-8/acebook-hemoglobin-trotters/app/controllers/main_controller.rb": {
        "lines": [
          null,
          null,
          1,
          1,
          null,
          1,
          1,
          null,
          null,
          1,
          null,
          1,
          1,
          null,
          null
        ]
      },
      "/Users/carrot-2/Library/Mobile Documents/com~apple~CloudDocs/Makers/week-8/acebook-hemoglobin-trotters/app/models/current.rb": {
        "lines": [
          null,
          null,
          1,
          1,
          null
        ]
      },
      "/Users/carrot-2/Library/Mobile Documents/com~apple~CloudDocs/Makers/week-8/acebook-hemoglobin-trotters/app/controllers/registrations_controller.rb": {
        "lines": [
          null,
          null,
          1,
          1,
          8,
          null,
          null,
          1,
          0,
          0,
          0,
          0,
          null,
          null,
          0,
          null,
          null,
          null,
          1,
          null,
          1,
          0,
          null,
          null
        ]
      },
      "/Users/carrot-2/Library/Mobile Documents/com~apple~CloudDocs/Makers/week-8/acebook-hemoglobin-trotters/app/controllers/posts_controller.rb": {
        "lines": [
          null,
          null,
          1,
          null,
          null,
          1,
          null,
          1,
          0,
          null,
          null,
          1,
          0,
          0,
          0,
          0,
          null,
          0,
          0,
          null,
          null,
          null,
          1,
          1,
          null,
          null,
          1,
          null,
          1,
          0,
          null,
          null
        ]
      }
    },
    "timestamp": 1614856386
  }
}
