{
  "RSpec": {
    "coverage": {
      "/Users/ttwigden/Desktop/Makers/Projects/week-8/acebook-hemoglobin-trotters/spec/features/user_can_sign_up_spec.rb": {
        "lines": [
          null,
          null,
          1,
          null,
          1,
          1,
          1,
          1,
          1,
          1,
          1,
          1,
          1,
          null,
          1,
          null,
          null,
          1,
          0,
          0,
          0,
          0,
          null,
          null,
          1,
          0,
          0,
          0,
          0,
          null,
          null,
          1,
          0,
          0,
          0,
          null,
          null,
          1,
          0,
          0,
          0,
          0,
          0,
          0,
          0,
          null,
          null
        ]
      },
      "/Users/ttwigden/Desktop/Makers/Projects/week-8/acebook-hemoglobin-trotters/app/controllers/registrations_controller.rb": {
        "lines": [
          null,
          null,
          1,
          1,
          1,
          null,
          null,
          1,
          0,
          0,
          0,
          0,
          null,
          0,
          0,
          null,
          null,
          null,
          1,
          null,
          1,
          0,
          null,
          null
        ]
      },
      "/Users/ttwigden/Desktop/Makers/Projects/week-8/acebook-hemoglobin-trotters/app/controllers/application_controller.rb": {
        "lines": [
          null,
          null,
          1,
          1,
          1,
          null,
          null,
          1,
          0,
          null,
          null,
          1,
          1,
          null,
          null
        ]
      },
      "/Users/ttwigden/Desktop/Makers/Projects/week-8/acebook-hemoglobin-trotters/app/models/user.rb": {
        "lines": [
          null,
          null,
          1,
          1,
          1,
          null,
          1,
          null,
          0,
          null,
          null,
          null,
          1,
          null
        ]
      },
      "/Users/ttwigden/Desktop/Makers/Projects/week-8/acebook-hemoglobin-trotters/app/models/application_record.rb": {
        "lines": [
          null,
          null,
          1,
          1,
          null
        ]
      },
      "/Users/ttwigden/Desktop/Makers/Projects/week-8/acebook-hemoglobin-trotters/app/models/current.rb": {
        "lines": [
          null,
          null,
          1,
          1,
          null
        ]
      }
    },
    "timestamp": 1614877378
  }
}
